1558743830097	mozrunner::runner	INFO	Running command: "C:\\Program Files\\Mozilla Firefox\\firefox.exe" "-marionette" "-foreground" "-no-remote" "-profile" "C:\\Users\\Filip\\AppData\\Local\\Temp\\rust_mozprofile.Tn3QBzV4Bq2m"
1558743831254	addons.webextension.screenshots@mozilla.org	WARN	Loading extension 'screenshots@mozilla.org': Reading manifest: Invalid extension permission: mozillaAddons
1558743831255	addons.webextension.screenshots@mozilla.org	WARN	Loading extension 'screenshots@mozilla.org': Reading manifest: Invalid extension permission: resource://pdf.js/
1558743831255	addons.webextension.screenshots@mozilla.org	WARN	Loading extension 'screenshots@mozilla.org': Reading manifest: Invalid extension permission: about:reader*
1558743834464	Marionette	INFO	Listening on port 50599
1558743834535	Marionette	WARN	TLS certificate errors will be ignored for this session
[Parent 2964, Gecko_IOThread] WARNING: pipe error: 109: file z:/task_1558035249/build/src/ipc/chromium/src/chrome/common/ipc_channel_win.cc, line 341
[Parent 2964, Gecko_IOThread] WARNING: pipe error: 109: file z:/task_1558035249/build/src/ipc/chromium/src/chrome/common/ipc_channel_win.cc, line 341
[Child 6476, Chrome_ChildThread] WARNING: pipe error: 109: file z:/task_1558035249/build/src/ipc/chromium/src/chrome/common/ipc_channel_win.cc, line 341
[Child 6476, Chrome_ChildThread] WARNING: pipe error: 109: file z:/task_1558035249/build/src/ipc/chromium/src/c[Parent 2964, Gecko_IOThread] WARNING: pipe error: 109: file z:/task_1558035249/build/src/ipc/chromium/src/chrome/common/ipc_channel_win.cc, line 341
[Child 2548, Chrome_ChildThread] WARNING: pipe error: 109: file z:/task_1558035249/build/src/ipc/chromium/src/chrome/common/ipc_channel_win.cc, line 341
[Child 2548, Chrome_Ch1558743856799	Marionette	INFO	Stopped listening on port 50599

###!!! [Child][MessageChannel::SendAndWait] Error: Channel error: cannot send/recv

1558743891915	mozrunner::runner	INFO	Running command: "C:\\Program Files\\Mozilla Firefox\\firefox.exe" "-marionette" "-incognito" "-foreground" "-no-remote" "-profile" "C:\\Users\\Filip\\AppData\\Local\\Temp\\rust_mozprofile.U0IN2Sl9G8Vo"
1558743892946	addons.webextension.screenshots@mozilla.org	WARN	Loading extension 'screenshots@mozilla.org': Reading manifest: Invalid extension permission: mozillaAddons
1558743892947	addons.webextension.screenshots@mozilla.org	WARN	Loading extension 'screenshots@mozilla.org': Reading manifest: Invalid extension permission: resource://pdf.js/
1558743892947	addons.webextension.screenshots@mozilla.org	WARN	Loading extension 'screenshots@mozilla.org': Reading manifest: Invalid extension permission: about:reader*
1558743896007	Marionette	INFO	Listening on port 50657
1558743896234	Marionette	WARN	TLS certificate errors will be ignored for this session
[Parent 14052, Gecko_IOThread] WARNING: pipe error: 109: file z:/task_1558035249/build/src/ipc/chromium/src/chrome/common/ipc_channel_win.cc, line 341
[Child 1760, Chrome_ChildThread] WARNING: pipe error: 109: file z:/task_1558035249/build/src/ipc/chromium/src/chrome/comm[Childon/i 85pc_channel_win.cc,56, li Chrome_ChildThread] WARNING: pne ipe error:341
 109: file z:/task_1558035249/build/src/ipc/chromium/src/chrome/common/ipc_channel_win.cc, line 341
[Child 8556, [Parent 14052, Gecko_IOThread] WARNING: pipe error: 109: file z:/task_1558035249/build/src/ipc/chromium/src/chrome/common/ipc_channel_win.cc, line 341
[Child 4844, Chrome_ChildThread] WARNING: pipe error: 109: file z:/task_1558035249/build/src/ipc/chromium/src/chrome/common/ipc_channel_win.cc, line 341
[Child 4844,1558743914175	Marionette	INFO	Stopped listening on port 50657
[GPU 7400
###!!! [Child][MessageChannel::SendAndWait] Error: Channel error: cannot send/recv

1558743925572	mozrunner::runner	INFO	Running command: "C:\\Program Files\\Mozilla Firefox\\firefox.exe" "-marionette" "-private" "-foreground" "-no-remote" "-profile" "C:\\Users\\Filip\\AppData\\Local\\Temp\\rust_mozprofile.aK0QtJAphK9c"
1558743926632	addons.webextension.screenshots@mozilla.org	WARN	Loading extension 'screenshots@mozilla.org': Reading manifest: Invalid extension permission: mozillaAddons
1558743926633	addons.webextension.screenshots@mozilla.org	WARN	Loading extension 'screenshots@mozilla.org': Reading manifest: Invalid extension permission: resource://pdf.js/
1558743926633	addons.webextension.screenshots@mozilla.org	WARN	Loading extension 'screenshots@mozilla.org': Reading manifest: Invalid extension permission: about:reader*
1558743929521	Marionette	INFO	Listening on port 50712
1558743929909	Marionette	WARN	TLS certificate errors will be ignored for this session
[Parent 10312, Gecko_IOThread] WARNING: pipe error: 109: file z:/task_1558035249/build/src/ipc/chromium/src/chrome/common/ipc_channel_win.cc, line 341
[Parent 10312, Gecko_IOThread] WARNING: pipe error: 109: file z:/task_1558035249/build/src/ipc/chromium/src/chrome/common/ipc_channel_win.cc, line 341
[Child 4736, Chrome_ChildThread] WARNING: pipe error: 109: file z:/task_1558035249/build/src/ipc/chromium/src/chrome/common/ip[Cc_channel_win.cc, line 341hil
d 13332, Chrome_ChildThread] WARNING: pipe error: 109: file z:/task_1558035249/build/src/ipc/chromium/src/chrome/common/ipc_channel_win.cc, line 341
[Child 13332, Chrome_C[Parent 10312, Gecko_IOThread] WARNING: pipe error: 109: file z:/task_1558035249/build/src/ipc/chromium/src/chrome/common/ipc_channel_win.cc, line 341
[Child 11896, Chrome_ChildThread] WARNING: pipe error: 109: file z:/task_1558035249/build/src/ipc/chromium/src/chrome/common/ipc_channel_win.cc, line 341
[Child 11896, 1558743934054	Marionette	INFO	Stopped listening on port 50712

###!!! [Child][RunMessage] Error: Channel closing: too late to send/recv, messages will be lost

[
###!!! [Child][MessageChannel::SendAndWait] Error: Channel error: cannot send/recv

